11:15:57.885 [main] INFO  testCases.TC_001TestHomepage - =====Started The Testing=====
11:15:59.842 [main] INFO  testCases.TC_001TestHomepage - Clicked on Login Button
11:16:00.684 [main] INFO  testCases.TC_001TestHomepage - Login Credentials entered successfully
11:16:01.200 [main] INFO  testCases.TC_001TestHomepage - Logged in Successfully
11:22:36.256 [main] DEBUG io.netty.util.internal.logging.InternalLoggerFactory - Using Log4J2 as the default logging framework
11:22:36.882 [main] DEBUG io.netty.util.ResourceLeakDetector - -Dio.netty.leakDetection.level: simple
11:22:36.883 [main] DEBUG io.netty.util.ResourceLeakDetector - -Dio.netty.leakDetection.targetRecords: 4
11:22:36.954 [main] DEBUG io.netty.util.ResourceLeakDetectorFactory - Loaded default ResourceLeakDetector: io.netty.util.ResourceLeakDetector@6bf13698
11:22:37.305 [main] DEBUG io.netty.util.internal.PlatformDependent0 - -Dio.netty.noUnsafe: false
11:22:37.305 [main] DEBUG io.netty.util.internal.PlatformDependent0 - Java version: 17
11:22:37.306 [main] DEBUG io.netty.util.internal.PlatformDependent0 - sun.misc.Unsafe.theUnsafe: available
11:22:37.307 [main] DEBUG io.netty.util.internal.PlatformDependent0 - sun.misc.Unsafe.copyMemory: available
11:22:37.308 [main] DEBUG io.netty.util.internal.PlatformDependent0 - sun.misc.Unsafe.storeFence: available
11:22:37.309 [main] DEBUG io.netty.util.internal.PlatformDependent0 - java.nio.Buffer.address: available
11:22:37.345 [main] DEBUG io.netty.util.internal.PlatformDependent0 - direct buffer constructor: unavailable: Reflective setAccessible(true) disabled
11:22:37.346 [main] DEBUG io.netty.util.internal.PlatformDependent0 - java.nio.Bits.unaligned: available, true
11:22:37.381 [main] DEBUG io.netty.util.internal.PlatformDependent0 - jdk.internal.misc.Unsafe.allocateUninitializedArray(int): unavailable: class io.netty.util.internal.PlatformDependent0$7 cannot access class jdk.internal.misc.Unsafe (in module java.base) because module java.base does not export jdk.internal.misc to unnamed module @50f8360d
11:22:37.382 [main] DEBUG io.netty.util.internal.PlatformDependent0 - java.nio.DirectByteBuffer.<init>(long, int): unavailable
11:22:37.383 [main] DEBUG io.netty.util.internal.PlatformDependent - sun.misc.Unsafe: available
11:22:37.384 [main] DEBUG io.netty.util.internal.PlatformDependent - maxDirectMemory: 2109734912 bytes (maybe)
11:22:37.385 [main] DEBUG io.netty.util.internal.PlatformDependent - -Dio.netty.tmpdir: C:\Users\SURIYA~1\AppData\Local\Temp (java.io.tmpdir)
11:22:37.385 [main] DEBUG io.netty.util.internal.PlatformDependent - -Dio.netty.bitMode: 64 (sun.arch.data.model)
11:22:37.386 [main] DEBUG io.netty.util.internal.PlatformDependent - Platform: Windows
11:22:37.386 [main] DEBUG io.netty.util.internal.PlatformDependent - -Dio.netty.maxDirectMemory: -1 bytes
11:22:37.387 [main] DEBUG io.netty.util.internal.PlatformDependent - -Dio.netty.uninitializedArrayAllocationThreshold: -1
11:22:37.446 [main] DEBUG io.netty.util.internal.CleanerJava9 - java.nio.ByteBuffer.cleaner(): available
11:22:37.446 [main] DEBUG io.netty.util.internal.PlatformDependent - -Dio.netty.noPreferDirect: false
11:22:37.632 [main] DEBUG io.netty.util.internal.PlatformDependent - org.jctools-core.MpscChunkedArrayQueue: available
11:22:38.208 [main] DEBUG io.netty.util.internal.InternalThreadLocalMap - -Dio.netty.threadLocalMap.stringBuilder.initialSize: 1024
11:22:38.209 [main] DEBUG io.netty.util.internal.InternalThreadLocalMap - -Dio.netty.threadLocalMap.stringBuilder.maxSize: 4096
11:22:39.071 [main] DEBUG io.netty.handler.ssl.JdkSslContext - Default protocols (JDK): [TLSv1.3, TLSv1.2] 
11:22:39.071 [main] DEBUG io.netty.handler.ssl.JdkSslContext - Default cipher suites (JDK): [TLS_ECDHE_ECDSA_WITH_AES_256_GCM_SHA384, TLS_ECDHE_ECDSA_WITH_AES_128_GCM_SHA256, TLS_ECDHE_RSA_WITH_AES_128_GCM_SHA256, TLS_ECDHE_RSA_WITH_AES_256_GCM_SHA384, TLS_ECDHE_RSA_WITH_AES_128_CBC_SHA, TLS_ECDHE_RSA_WITH_AES_256_CBC_SHA, TLS_RSA_WITH_AES_128_GCM_SHA256, TLS_RSA_WITH_AES_128_CBC_SHA, TLS_RSA_WITH_AES_256_CBC_SHA, TLS_AES_128_GCM_SHA256, TLS_AES_256_GCM_SHA384]
11:22:39.278 [main] DEBUG io.netty.util.concurrent.GlobalEventExecutor - -Dio.netty.globalEventExecutor.quietPeriodSeconds: 1
11:22:39.325 [main] DEBUG io.netty.channel.MultithreadEventLoopGroup - -Dio.netty.eventLoopThreads: 8
11:22:39.491 [main] DEBUG io.netty.channel.nio.NioEventLoop - -Dio.netty.noKeySetOptimization: false
11:22:39.491 [main] DEBUG io.netty.channel.nio.NioEventLoop - -Dio.netty.selectorAutoRebuildThreshold: 512
11:22:39.886 [main] DEBUG io.netty.buffer.PooledByteBufAllocator - -Dio.netty.allocator.numHeapArenas: 8
11:22:39.886 [main] DEBUG io.netty.buffer.PooledByteBufAllocator - -Dio.netty.allocator.numDirectArenas: 8
11:22:39.886 [main] DEBUG io.netty.buffer.PooledByteBufAllocator - -Dio.netty.allocator.pageSize: 8192
11:22:39.887 [main] DEBUG io.netty.buffer.PooledByteBufAllocator - -Dio.netty.allocator.maxOrder: 9
11:22:39.887 [main] DEBUG io.netty.buffer.PooledByteBufAllocator - -Dio.netty.allocator.chunkSize: 4194304
11:22:39.887 [main] DEBUG io.netty.buffer.PooledByteBufAllocator - -Dio.netty.allocator.smallCacheSize: 256
11:22:39.887 [main] DEBUG io.netty.buffer.PooledByteBufAllocator - -Dio.netty.allocator.normalCacheSize: 64
11:22:39.887 [main] DEBUG io.netty.buffer.PooledByteBufAllocator - -Dio.netty.allocator.maxCachedBufferCapacity: 32768
11:22:39.887 [main] DEBUG io.netty.buffer.PooledByteBufAllocator - -Dio.netty.allocator.cacheTrimInterval: 8192
11:22:39.887 [main] DEBUG io.netty.buffer.PooledByteBufAllocator - -Dio.netty.allocator.cacheTrimIntervalMillis: 0
11:22:39.887 [main] DEBUG io.netty.buffer.PooledByteBufAllocator - -Dio.netty.allocator.useCacheForAllThreads: false
11:22:39.887 [main] DEBUG io.netty.buffer.PooledByteBufAllocator - -Dio.netty.allocator.maxCachedByteBuffersPerChunk: 1023
11:22:39.989 [main] DEBUG io.netty.buffer.ByteBufUtil - -Dio.netty.allocator.type: pooled
11:22:39.989 [main] DEBUG io.netty.buffer.ByteBufUtil - -Dio.netty.threadLocalDirectBufferSize: 0
11:22:39.990 [main] DEBUG io.netty.buffer.ByteBufUtil - -Dio.netty.maxThreadLocalCharBufferSize: 16384
11:22:43.682 [Forwarding newSession on session null to remote] DEBUG io.netty.channel.DefaultChannelId - -Dio.netty.processId: 53976 (auto-detected)
11:22:43.813 [Forwarding newSession on session null to remote] DEBUG io.netty.util.NetUtil - -Djava.net.preferIPv4Stack: false
11:22:43.813 [Forwarding newSession on session null to remote] DEBUG io.netty.util.NetUtil - -Djava.net.preferIPv6Addresses: false
11:22:43.833 [Forwarding newSession on session null to remote] DEBUG io.netty.util.NetUtilInitializations - Loopback interface: lo (Software Loopback Interface 1, 127.0.0.1)
11:22:43.867 [Forwarding newSession on session null to remote] DEBUG io.netty.util.NetUtil - Failed to get SOMAXCONN from sysctl and file \proc\sys\net\core\somaxconn. Default: 200
11:22:43.902 [Forwarding newSession on session null to remote] DEBUG io.netty.channel.DefaultChannelId - -Dio.netty.machineId: f4:8c:50:ff:fe:c8:d0:d9 (auto-detected)
11:22:44.183 [AsyncHttpClient-1-2] DEBUG io.netty.buffer.AbstractByteBuf - -Dio.netty.buffer.checkAccessible: true
11:22:44.184 [AsyncHttpClient-1-2] DEBUG io.netty.buffer.AbstractByteBuf - -Dio.netty.buffer.checkBounds: true
11:22:44.184 [AsyncHttpClient-1-2] DEBUG io.netty.util.ResourceLeakDetectorFactory - Loaded default ResourceLeakDetector: io.netty.util.ResourceLeakDetector@1fd45a13
11:22:44.639 [AsyncHttpClient-1-2] DEBUG io.netty.util.Recycler - -Dio.netty.recycler.maxCapacityPerThread: 4096
11:22:44.639 [AsyncHttpClient-1-2] DEBUG io.netty.util.Recycler - -Dio.netty.recycler.ratio: 8
11:22:44.639 [AsyncHttpClient-1-2] DEBUG io.netty.util.Recycler - -Dio.netty.recycler.chunkSize: 32
11:22:44.640 [AsyncHttpClient-1-2] DEBUG io.netty.util.Recycler - -Dio.netty.recycler.blocking: false
11:22:44.640 [AsyncHttpClient-1-2] DEBUG io.netty.util.Recycler - -Dio.netty.recycler.batchFastThreadLocalOnly: true
11:22:55.366 [AsyncHttpClient-1-2] DEBUG io.netty.handler.codec.compression.Brotli - brotli4j not in the classpath; Brotli support will be unavailable.
11:23:00.959 [main] DEBUG io.netty.util.internal.ThreadLocalRandom - -Dio.netty.initialSeedUniquifier: 0x6ac5c1ef22e03d39
11:23:15.709 [main] INFO  testCases.TC_001TestHomepage - =====Started The Testing=====
11:23:19.430 [main] INFO  testCases.TC_001TestHomepage - Clicked on Login Button
11:23:20.952 [main] INFO  testCases.TC_001TestHomepage - Login Credentials entered successfully
11:23:21.304 [main] INFO  testCases.TC_001TestHomepage - Logged in Successfully
11:25:37.889 [main] INFO  testCases.TC_001TestHomepage - =====Started The Testing=====
11:25:39.219 [main] INFO  testCases.TC_001TestHomepage - Clicked on Login Button
11:25:39.864 [main] INFO  testCases.TC_001TestHomepage - Login Credentials entered successfully
11:25:40.141 [main] INFO  testCases.TC_001TestHomepage - Logged in Successfully
11:26:03.655 [main] INFO  testCases.TC_001TestHomepage - =====Started The Testing=====
11:26:05.978 [main] INFO  testCases.TC_001TestHomepage - Clicked on Login Button
11:26:06.400 [main] INFO  testCases.TC_001TestHomepage - Login Credentials entered successfully
11:26:06.741 [main] INFO  testCases.TC_001TestHomepage - Logged in Successfully
13:57:03.711 [main] INFO  testCases.TC_001TestHomepage - =====Started The Testing=====
13:57:06.841 [main] INFO  testCases.TC_001TestHomepage - Clicked on Login Button
13:57:07.670 [main] INFO  testCases.TC_001TestHomepage - Login Credentials entered successfully
13:57:07.920 [main] INFO  testCases.TC_001TestHomepage - Logged in Successfully
15:11:42.653 [main] INFO  testCases.TC_001TestHomepage - =====Started The Testing=====
15:11:46.453 [main] INFO  testCases.TC_001TestHomepage - Clicked on Login Button
15:11:47.806 [main] INFO  testCases.TC_001TestHomepage - Login Credentials entered successfully
15:11:48.419 [main] INFO  testCases.TC_001TestHomepage - Logged in Successfully
15:15:30.476 [main] INFO  testCases.TC_001TestHomepage - =====Started The Testing=====
15:15:32.718 [main] INFO  testCases.TC_001TestHomepage - Clicked on Login Button
15:15:33.366 [main] INFO  testCases.TC_001TestHomepage - Login Credentials entered successfully
15:15:33.863 [main] INFO  testCases.TC_001TestHomepage - Logged in Successfully
15:16:12.457 [main] INFO  testCases.TC_001TestHomepage - =====Started The Testing=====
15:16:14.539 [main] INFO  testCases.TC_001TestHomepage - Clicked on Login Button
15:16:15.256 [main] INFO  testCases.TC_001TestHomepage - Login Credentials entered successfully
15:16:15.661 [main] INFO  testCases.TC_001TestHomepage - Logged in Successfully
15:32:04.077 [TestNG-tests-1] INFO  testCases.TC_001TestHomepage - =====Started The Testing=====
15:32:04.162 [TestNG-tests-2] INFO  testCases.TC_001TestHomepage - =====Started The Testing=====
15:32:07.293 [TestNG-tests-1] INFO  testCases.TC_001TestHomepage - Clicked on Login Button
15:32:07.899 [TestNG-tests-2] INFO  testCases.TC_001TestHomepage - Clicked on Login Button
15:32:09.212 [TestNG-tests-2] INFO  testCases.TC_001TestHomepage - Login Credentials entered successfully
15:32:09.546 [TestNG-tests-1] INFO  testCases.TC_001TestHomepage - Login Credentials entered successfully
15:32:10.571 [TestNG-tests-1] INFO  testCases.TC_001TestHomepage - Logged in Successfully
15:32:10.721 [TestNG-tests-2] INFO  testCases.TC_001TestHomepage - Logged in Successfully
15:56:45.182 [TestNG-tests-1] INFO  testCases.TC_001TestHomepage - =====Started The Testing=====
15:57:02.809 [TestNG-tests-1] INFO  testCases.TC_001TestHomepage - Clicked on Login Button
15:57:07.296 [TestNG-tests-2] INFO  testCases.TC_001TestHomepage - =====Started The Testing=====
15:57:09.358 [TestNG-tests-1] INFO  testCases.TC_001TestHomepage - Login Credentials entered successfully
15:57:11.277 [TestNG-tests-1] INFO  testCases.TC_001TestHomepage - Logged in Successfully
15:57:14.251 [TestNG-tests-2] INFO  testCases.TC_001TestHomepage - Clicked on Login Button
15:57:25.036 [TestNG-tests-2] INFO  testCases.TC_001TestHomepage - Login Credentials entered successfully
15:57:26.841 [TestNG-tests-2] INFO  testCases.TC_001TestHomepage - Logged in Successfully
17:08:48.663 [main] INFO  testCases.TC_001TestHomepage - =====Started The Testing=====
17:08:52.095 [main] INFO  testCases.TC_001TestHomepage - Clicked on Login Button
17:08:53.736 [main] INFO  testCases.TC_001TestHomepage - Login Credentials entered successfully
17:08:54.754 [main] INFO  testCases.TC_001TestHomepage - Logged in Successfully
17:09:52.368 [main] INFO  testCases.TC_001TestHomepage - =====Started The Testing=====
17:09:56.431 [main] INFO  testCases.TC_001TestHomepage - Clicked on Login Button
17:09:57.033 [main] INFO  testCases.TC_001TestHomepage - Login Credentials entered successfully
17:09:57.314 [main] INFO  testCases.TC_001TestHomepage - Logged in Successfully
17:24:31.587 [main] INFO  testCases.TC_001TestHomepage - =====Started The Testing=====
17:24:40.478 [main] INFO  testCases.TC_001TestHomepage - Clicked on Login Button
17:24:41.386 [main] INFO  testCases.TC_001TestHomepage - Login Credentials entered successfully
17:24:42.699 [main] INFO  testCases.TC_001TestHomepage - Logged in Successfully
15:49:32.013 [main] INFO  testCases.TC_001TestHomepage - =====Started The Testing=====
15:49:35.627 [main] INFO  testCases.TC_001TestHomepage - Clicked on Login Button
15:49:36.423 [main] INFO  testCases.TC_001TestHomepage - Login Credentials entered successfully
15:49:36.830 [main] INFO  testCases.TC_001TestHomepage - Logged in Successfully
15:51:24.257 [main] INFO  testCases.TC_001TestHomepage - =====Started The Testing=====
15:51:26.199 [main] INFO  testCases.TC_001TestHomepage - Clicked on Login Button
15:55:18.816 [main] INFO  testCases.TC_001TestHomepage - =====Started The Testing=====
15:55:20.404 [main] INFO  testCases.TC_001TestHomepage - Clicked on Login Button
16:05:37.741 [main] INFO  testCases.TC_001TestHomepage - =====Started The Testing=====
16:05:39.618 [main] INFO  testCases.TC_001TestHomepage - Clicked on Login Button
16:07:39.696 [main] INFO  testCases.TC_001TestHomepage - =====Started The Testing=====
16:07:40.870 [main] INFO  testCases.TC_001TestHomepage - Clicked on Login Button
16:16:31.591 [main] INFO  testCases.TC_001TestHomepage - =====Started The Testing=====
16:16:33.527 [main] INFO  testCases.TC_001TestHomepage - Clicked on Login Button
16:21:27.508 [main] INFO  testCases.TC_001TestHomepage - =====Started The Testing=====
16:21:29.152 [main] INFO  testCases.TC_001TestHomepage - Clicked on Login Button
16:23:06.423 [main] INFO  testCases.TC_001TestHomepage - =====Started The Testing=====
16:23:08.040 [main] INFO  testCases.TC_001TestHomepage - Clicked on Login Button
16:30:30.817 [main] INFO  testCases.TC_001TestHomepage - =====Started The Testing=====
16:30:32.323 [main] INFO  testCases.TC_001TestHomepage - Clicked on Login Button
17:24:23.654 [main] INFO  testCases.TC_001TestHomepage - =====Started TC_001TestHomepage=====
17:24:25.553 [main] INFO  testCases.TC_001TestHomepage - Clicked on Login Button
17:24:26.452 [main] INFO  testCases.TC_001TestHomepage - Login Credentials entered successfully
17:27:49.610 [main] INFO  testCases.TC_001TestHomepage - =====Started TC_001TestHomepage=====
17:27:52.356 [main] INFO  testCases.TC_001TestHomepage - Clicked on Login Button
17:27:53.555 [main] INFO  testCases.TC_001TestHomepage - Login Credentials entered successfully
17:27:56.101 [main] INFO  testCases.TC_001TestHomepage - Logged in Successfully
19:05:08.124 [main] INFO  testCases.TC_001TestHomepage - =====Started TC_001TestHomepage=====
19:05:09.631 [main] INFO  testCases.TC_001TestHomepage - Clicked on Login Button
19:05:10.291 [main] INFO  testCases.TC_001TestHomepage - Login Credentials entered successfully
19:05:11.562 [main] INFO  testCases.TC_001TestHomepage - Logged in Successfully
20:02:31.864 [main] INFO  testCases.TC_001TestHomepage - =====Started TC_001TestHomepage=====
20:02:34.212 [main] INFO  testCases.TC_001TestHomepage - Clicked on Login Button
20:02:34.847 [main] INFO  testCases.TC_001TestHomepage - Login Credentials entered successfully
20:02:37.744 [main] INFO  testCases.TC_001TestHomepage - Logged in Successfully
20:03:33.093 [main] INFO  testCases.TC_001LoginDDT - ***Execution Started***
20:03:46.800 [main] INFO  testCases.TC_001LoginDDT - ***Execution Started***
20:03:58.044 [main] INFO  testCases.TC_001LoginDDT - ***Execution Started***
20:04:09.537 [main] INFO  testCases.TC_001LoginDDT - ***Execution Started***
20:04:20.632 [main] INFO  testCases.TC_001LoginDDT - ***Execution Started***
20:07:43.653 [main] INFO  testCases.TC_001LoginDDT - ***Execution Started***
20:07:55.783 [main] INFO  testCases.TC_001LoginDDT - ***Execution Started***
20:08:07.179 [main] INFO  testCases.TC_001LoginDDT - ***Execution Started***
20:08:18.213 [main] INFO  testCases.TC_001LoginDDT - ***Execution Started***
20:08:29.296 [main] INFO  testCases.TC_001LoginDDT - ***Execution Started***
20:24:14.421 [main] INFO  testCases.TC_001LoginDDT - ***Execution Started***
20:24:27.038 [main] INFO  testCases.TC_001LoginDDT - ***Execution Started***
20:24:37.976 [main] INFO  testCases.TC_001LoginDDT - ***Execution Started***
20:24:49.828 [main] INFO  testCases.TC_001LoginDDT - ***Execution Started***
20:25:00.970 [main] INFO  testCases.TC_001LoginDDT - ***Execution Started***
10:18:09.944 [main] INFO  testCases.TC_001TestHomepage - =====Started TC_001TestHomepage=====
10:18:22.827 [main] INFO  testCases.TC_001TestHomepage - Clicked on Login Button
10:18:23.950 [main] INFO  testCases.TC_001TestHomepage - Login Credentials entered successfully
10:18:37.262 [main] INFO  testCases.TC_001TestHomepage - Logged in Successfully
10:40:26.749 [main] INFO  testCases.TC_001TestHomepage - =====Started TC_001TestHomepage=====
10:40:31.528 [main] INFO  testCases.TC_001TestHomepage - Clicked on Login Button
10:40:32.434 [main] INFO  testCases.TC_001TestHomepage - Login Credentials entered successfully
10:40:37.868 [main] INFO  testCases.TC_001TestHomepage - Logged in Successfully
11:20:50.919 [main] INFO  testCases.TC_001TestHomepage - =====Started TC_001TestHomepage=====
11:20:54.528 [main] INFO  testCases.TC_001TestHomepage - Clicked on Login Button
11:20:55.665 [main] INFO  testCases.TC_001TestHomepage - Login Credentials entered successfully
11:20:57.831 [main] INFO  testCases.TC_001TestHomepage - Logged in Successfully
11:21:09.427 [main] INFO  testCases.TC_001InvalidTestHomepage - =====Started TC_001InvalidTestHomepage=====
11:21:11.330 [main] INFO  testCases.TC_001InvalidTestHomepage - Clicked on Login Button
11:21:11.684 [main] INFO  testCases.TC_001InvalidTestHomepage - Login Credentials entered successfully
11:21:21.849 [main] INFO  testCases.TC_001InvalidTestHomepage - Logged in Successfully
15:44:51.237 [main] INFO  testCases.TC_001TestHomepage - =====Started TC_001TestHomepage=====
15:44:54.417 [main] INFO  testCases.TC_001TestHomepage - Clicked on Login Button
15:44:57.316 [main] INFO  testCases.TC_001TestHomepage - Login Credentials entered successfully
15:44:59.801 [main] INFO  testCases.TC_001TestHomepage - Logged in Successfully
15:45:09.620 [main] INFO  testCases.TC_001InvalidTestHomepage - =====Started TC_001InvalidTestHomepage=====
15:45:11.381 [main] INFO  testCases.TC_001InvalidTestHomepage - Clicked on Login Button
15:45:11.853 [main] INFO  testCases.TC_001InvalidTestHomepage - Login Credentials entered successfully
15:45:22.078 [main] INFO  testCases.TC_001InvalidTestHomepage - Logged in Successfully
15:46:16.869 [main] INFO  testCases.TC_001TestHomepage - =====Started TC_001TestHomepage=====
15:46:18.374 [main] INFO  testCases.TC_001TestHomepage - Clicked on Login Button
15:46:18.845 [main] INFO  testCases.TC_001TestHomepage - Login Credentials entered successfully
15:46:20.875 [main] INFO  testCases.TC_001TestHomepage - Logged in Successfully
15:48:49.971 [main] INFO  testCases.TC_001TestHomepage - =====Started TC_001TestHomepage=====
15:49:00.936 [main] INFO  testCases.TC_001TestHomepage - Clicked on Login Button
15:49:02.757 [main] INFO  testCases.TC_001TestHomepage - Login Credentials entered successfully
15:49:06.974 [main] INFO  testCases.TC_001TestHomepage - Logged in Successfully
15:50:02.813 [main] INFO  testCases.TC_001TestHomepage - =====Started TC_001TestHomepage=====
15:50:05.044 [main] INFO  testCases.TC_001TestHomepage - Clicked on Login Button
15:50:05.518 [main] INFO  testCases.TC_001TestHomepage - Login Credentials entered successfully
15:50:07.022 [main] INFO  testCases.TC_001TestHomepage - Logged in Successfully
16:11:53.973 [main] INFO  testCases.TC_001TestHomepage - =====Started TC_001TestHomepage=====
16:11:55.529 [main] INFO  testCases.TC_001TestHomepage - Clicked on Login Button
16:11:56.225 [main] INFO  testCases.TC_001TestHomepage - Login Credentials entered successfully
16:11:58.105 [main] INFO  testCases.TC_001TestHomepage - Logged in Successfully
16:38:32.192 [main] INFO  testCases.TC_001TestHomepage - =====Started TC_001TestHomepage=====
16:38:35.054 [main] INFO  testCases.TC_001TestHomepage - Clicked on Login Button
16:38:36.015 [main] INFO  testCases.TC_001TestHomepage - Login Credentials entered successfully
16:38:37.838 [main] INFO  testCases.TC_001TestHomepage - Logged in Successfully
18:15:48.901 [main] INFO  testCases.TC_001TestHomepage - =====Started TC_001TestHomepage=====
18:15:50.538 [main] INFO  testCases.TC_001TestHomepage - Clicked on Login Button
18:15:51.128 [main] INFO  testCases.TC_001TestHomepage - Login Credentials entered successfully
18:15:52.950 [main] INFO  testCases.TC_001TestHomepage - Logged in Successfully
18:18:03.705 [main] INFO  testCases.TC_001TestHomepage - =====Started TC_001TestHomepage=====
18:18:05.718 [main] INFO  testCases.TC_001TestHomepage - Clicked on Login Button
18:18:06.290 [main] INFO  testCases.TC_001TestHomepage - Login Credentials entered successfully
18:18:07.970 [main] INFO  testCases.TC_001TestHomepage - Logged in Successfully
11:10:36.140 [main] INFO  testCases.TC_001TestHomepage - =====Started TC_001TestHomepage=====
11:10:40.169 [main] INFO  testCases.TC_001TestHomepage - Clicked on Login Button
11:10:41.533 [main] INFO  testCases.TC_001TestHomepage - Login Credentials entered successfully
11:10:44.177 [main] INFO  testCases.TC_001TestHomepage - Logged in Successfully
11:15:15.846 [main] INFO  testCases.TC_001TestHomepage - =====Started TC_001TestHomepage=====
11:15:18.065 [main] INFO  testCases.TC_001TestHomepage - Clicked on Login Button
11:15:18.566 [main] INFO  testCases.TC_001TestHomepage - Login Credentials entered successfully
11:15:19.900 [main] INFO  testCases.TC_001TestHomepage - Logged in Successfully
11:15:31.210 [main] INFO  testCases.TC_001InvalidTestHomepage - =====Started TC_001InvalidTestHomepage=====
11:15:32.672 [main] INFO  testCases.TC_001InvalidTestHomepage - Clicked on Login Button
11:15:33.151 [main] INFO  testCases.TC_001InvalidTestHomepage - Login Credentials entered successfully
11:15:43.420 [main] INFO  testCases.TC_001InvalidTestHomepage - Logged in Successfully
11:17:39.541 [main] INFO  testCases.TC_001TestHomepage - =====Started TC_001TestHomepage=====
11:17:41.223 [main] INFO  testCases.TC_001TestHomepage - Clicked on Login Button
11:17:41.762 [main] INFO  testCases.TC_001TestHomepage - Login Credentials entered successfully
11:17:43.531 [main] INFO  testCases.TC_001TestHomepage - Logged in Successfully
11:17:53.172 [main] INFO  testCases.TC_001InvalidTestHomepage - =====Started TC_001InvalidTestHomepage=====
11:17:55.658 [main] INFO  testCases.TC_001InvalidTestHomepage - Clicked on Login Button
11:17:56.194 [main] INFO  testCases.TC_001InvalidTestHomepage - Login Credentials entered successfully
11:18:06.530 [main] INFO  testCases.TC_001InvalidTestHomepage - Logged in Successfully
11:26:58.032 [main] INFO  testCases.TC_001TestHomepage - =====Started TC_001TestHomepage=====
11:27:00.393 [main] INFO  testCases.TC_001TestHomepage - Clicked on Login Button
11:27:01.634 [main] INFO  testCases.TC_001TestHomepage - Login Credentials entered successfully
11:27:04.826 [main] INFO  testCases.TC_001TestHomepage - Logged in Successfully
11:27:13.692 [main] INFO  testCases.TC_001InvalidTestHomepage - =====Started TC_001InvalidTestHomepage=====
11:27:15.993 [main] INFO  testCases.TC_001InvalidTestHomepage - Clicked on Login Button
11:27:16.468 [main] INFO  testCases.TC_001InvalidTestHomepage - Login Credentials entered successfully
11:27:26.793 [main] INFO  testCases.TC_001InvalidTestHomepage - Logged in Successfully
11:30:03.299 [main] INFO  testCases.TC_001TestHomepage - =====Started TC_001TestHomepage=====
11:30:08.117 [main] INFO  testCases.TC_001TestHomepage - Clicked on Login Button
11:30:26.692 [main] INFO  testCases.TC_001TestHomepage - Login Credentials entered successfully
11:30:33.007 [main] INFO  testCases.TC_001TestHomepage - Logged in Successfully
11:30:51.312 [main] INFO  testCases.TC_001InvalidTestHomepage - =====Started TC_001InvalidTestHomepage=====
11:30:52.736 [main] INFO  testCases.TC_001InvalidTestHomepage - Clicked on Login Button
11:30:53.019 [main] INFO  testCases.TC_001InvalidTestHomepage - Login Credentials entered successfully
12:40:07.231 [main] INFO  testCases.TC_001TestHomepage - =====Started TC_001TestHomepage=====
12:40:13.940 [main] INFO  testCases.TC_001TestHomepage - Clicked on Login Button
12:40:17.540 [main] INFO  testCases.TC_001TestHomepage - Login Credentials entered successfully
12:40:20.995 [main] INFO  testCases.TC_001TestHomepage - Logged in Successfully
12:40:32.851 [main] INFO  testCases.TC_001InvalidTestHomepage - =====Started TC_001InvalidTestHomepage=====
12:40:34.214 [main] INFO  testCases.TC_001InvalidTestHomepage - Clicked on Login Button
12:40:34.695 [main] INFO  testCases.TC_001InvalidTestHomepage - Login Credentials entered successfully
